2019-04-25 19:10:05<xml><ToUserName><![CDATA[gh_c5cc62e6fb85]]></ToUserName>
<FromUserName><![CDATA[o4ekM6MX0DCu_8fmTXaECirRFjjc]]></FromUserName>
<CreateTime>1556190344</CreateTime>
<MsgType><![CDATA[event]]></MsgType>
<Event><![CDATA[subscribe]]></Event>
<EventKey><![CDATA[]]></EventKey>
</xml>

2019-04-25 19:15:19<xml><ToUserName><![CDATA[gh_c5cc62e6fb85]]></ToUserName>
<FromUserName><![CDATA[o4ekM6MX0DCu_8fmTXaECirRFjjc]]></FromUserName>
<CreateTime>1556190344</CreateTime>
<MsgType><![CDATA[event]]></MsgType>
<Event><![CDATA[subscribe]]></Event>
<EventKey><![CDATA[]]></EventKey>
</xml>

2019-04-25 19:15:45<xml><ToUserName><![CDATA[gh_c5cc62e6fb85]]></ToUserName>
<FromUserName><![CDATA[o4ekM6MX0DCu_8fmTXaECirRFjjc]]></FromUserName>
<CreateTime>1556190344</CreateTime>
<MsgType><![CDATA[event]]></MsgType>
<Event><![CDATA[subscribe]]></Event>
<EventKey><![CDATA[]]></EventKey>
</xml>

2019-04-25 19:18:41<xml><ToUserName><![CDATA[gh_c5cc62e6fb85]]></ToUserName>
<FromUserName><![CDATA[o4ekM6MX0DCu_8fmTXaECirRFjjc]]></FromUserName>
<CreateTime>1556190344</CreateTime>
<MsgType><![CDATA[event]]></MsgType>
<Event><![CDATA[subscribe]]></Event>
<EventKey><![CDATA[]]></EventKey>
</xml>

2019-04-25 19:18:55<xml><ToUserName><![CDATA[gh_c5cc62e6fb85]]></ToUserName>
<FromUserName><![CDATA[o4ekM6MX0DCu_8fmTXaECirRFjjc]]></FromUserName>
<CreateTime>1556190344</CreateTime>
<MsgType><![CDATA[event]]></MsgType>
<Event><![CDATA[subscribe]]></Event>
<EventKey><![CDATA[]]></EventKey>
</xml>

2019-04-25 19:20:49<xml><ToUserName><![CDATA[gh_c5cc62e6fb85]]></ToUserName>
<FromUserName><![CDATA[o4ekM6MX0DCu_8fmTXaECirRFjjc]]></FromUserName>
<CreateTime>1556190344</CreateTime>
<MsgType><![CDATA[event]]></MsgType>
<Event><![CDATA[subscribe]]></Event>
<EventKey><![CDATA[]]></EventKey>
</xml>

2019-04-25 19:21:17<xml><ToUserName><![CDATA[gh_c5cc62e6fb85]]></ToUserName>
<FromUserName><![CDATA[o4ekM6MX0DCu_8fmTXaECirRFjjc]]></FromUserName>
<CreateTime>1556190344</CreateTime>
<MsgType><![CDATA[event]]></MsgType>
<Event><![CDATA[subscribe]]></Event>
<EventKey><![CDATA[]]></EventKey>
</xml>

2019-04-25 19:21:50<xml><ToUserName><![CDATA[gh_c5cc62e6fb85]]></ToUserName>
<FromUserName><![CDATA[o4ekM6MX0DCu_8fmTXaECirRFjjc]]></FromUserName>
<CreateTime>1556190344</CreateTime>
<MsgType><![CDATA[event]]></MsgType>
<Event><![CDATA[subscribe]]></Event>
<EventKey><![CDATA[]]></EventKey>
</xml>

2019-04-25 19:22:51<xml><ToUserName><![CDATA[gh_c5cc62e6fb85]]></ToUserName>
<FromUserName><![CDATA[o4ekM6MX0DCu_8fmTXaECirRFjjc]]></FromUserName>
<CreateTime>1556190344</CreateTime>
<MsgType><![CDATA[event]]></MsgType>
<Event><![CDATA[subscribe]]></Event>
<EventKey><![CDATA[]]></EventKey>
</xml>

2019-04-25 19:24:38<xml><ToUserName><![CDATA[gh_c5cc62e6fb85]]></ToUserName>
<FromUserName><![CDATA[o4ekM6MX0DCu_8fmTXaECirRFjjc]]></FromUserName>
<CreateTime>1556190344</CreateTime>
<MsgType><![CDATA[event]]></MsgType>
<Event><![CDATA[subscribe]]></Event>
<EventKey><![CDATA[]]></EventKey>
</xml>

2019-04-25 19:25:11<xml><ToUserName><![CDATA[gh_c5cc62e6fb85]]></ToUserName>
<FromUserName><![CDATA[o4ekM6MX0DCu_8fmTXaECirRFjjc]]></FromUserName>
<CreateTime>1556190344</CreateTime>
<MsgType><![CDATA[event]]></MsgType>
<Event><![CDATA[subscribe]]></Event>
<EventKey><![CDATA[]]></EventKey>
</xml>

2019-04-25 19:26:17<xml><ToUserName><![CDATA[gh_c5cc62e6fb85]]></ToUserName>
<FromUserName><![CDATA[o4ekM6MX0DCu_8fmTXaECirRFjjc]]></FromUserName>
<CreateTime>1556190344</CreateTime>
<MsgType><![CDATA[event]]></MsgType>
<Event><![CDATA[subscribe]]></Event>
<EventKey><![CDATA[]]></EventKey>
</xml>

2019-04-25 19:30:55<xml><ToUserName><![CDATA[gh_c5cc62e6fb85]]></ToUserName>
<FromUserName><![CDATA[o4ekM6MX0DCu_8fmTXaECirRFjjc]]></FromUserName>
<CreateTime>1556190344</CreateTime>
<MsgType><![CDATA[event]]></MsgType>
<Event><![CDATA[subscribe]]></Event>
<EventKey><![CDATA[]]></EventKey>
</xml>

2019-04-25 19:34:03<xml><ToUserName><![CDATA[gh_c5cc62e6fb85]]></ToUserName>
<FromUserName><![CDATA[o4ekM6MX0DCu_8fmTXaECirRFjjc]]></FromUserName>
<CreateTime>1556192020</CreateTime>
<MsgType><![CDATA[event]]></MsgType>
<Event><![CDATA[unsubscribe]]></Event>
<EventKey><![CDATA[]]></EventKey>
</xml>

2019-04-25 19:34:43<xml><ToUserName><![CDATA[gh_c5cc62e6fb85]]></ToUserName>
<FromUserName><![CDATA[o4ekM6MX0DCu_8fmTXaECirRFjjc]]></FromUserName>
<CreateTime>1556192069</CreateTime>
<MsgType><![CDATA[event]]></MsgType>
<Event><![CDATA[subscribe]]></Event>
<EventKey><![CDATA[]]></EventKey>
</xml>

2019-04-25 20:11:57<xml><ToUserName><![CDATA[gh_c5cc62e6fb85]]></ToUserName>
<FromUserName><![CDATA[o4ekM6MX0DCu_8fmTXaECirRFjjc]]></FromUserName>
<CreateTime>1556194231</CreateTime>
<MsgType><![CDATA[text]]></MsgType>
<Content><![CDATA[呀呀]]></Content>
<MsgId>22279345561126328</MsgId>
</xml>

2019-04-25 20:18:12<xml><ToUserName><![CDATA[gh_c5cc62e6fb85]]></ToUserName>
<FromUserName><![CDATA[o4ekM6MX0DCu_8fmTXaECirRFjjc]]></FromUserName>
<CreateTime>1556194231</CreateTime>
<MsgType><![CDATA[text]]></MsgType>
<Content><![CDATA[呀呀]]></Content>
<MsgId>22279345561126328</MsgId>
</xml>

2019-04-25 20:20:05<xml><ToUserName><![CDATA[gh_c5cc62e6fb85]]></ToUserName>
<FromUserName><![CDATA[o4ekM6MX0DCu_8fmTXaECirRFjjc]]></FromUserName>
<CreateTime>1556194231</CreateTime>
<MsgType><![CDATA[text]]></MsgType>
<Content><![CDATA[呀呀]]></Content>
<MsgId>22279345561126328</MsgId>
</xml>

2019-04-25 20:20:27<xml><ToUserName><![CDATA[gh_c5cc62e6fb85]]></ToUserName>
<FromUserName><![CDATA[o4ekM6MX0DCu_8fmTXaECirRFjjc]]></FromUserName>
<CreateTime>1556194231</CreateTime>
<MsgType><![CDATA[text]]></MsgType>
<Content><![CDATA[呀呀]]></Content>
<MsgId>22279345561126328</MsgId>
</xml>

2019-04-25 20:20:37<xml><ToUserName><![CDATA[gh_c5cc62e6fb85]]></ToUserName>
<FromUserName><![CDATA[o4ekM6MX0DCu_8fmTXaECirRFjjc]]></FromUserName>
<CreateTime>1556194231</CreateTime>
<MsgType><![CDATA[text]]></MsgType>
<Content><![CDATA[呀呀]]></Content>
<MsgId>22279345561126328</MsgId>
</xml>

2019-04-25 20:24:19<xml><ToUserName><![CDATA[gh_c5cc62e6fb85]]></ToUserName>
<FromUserName><![CDATA[o4ekM6MX0DCu_8fmTXaECirRFjjc]]></FromUserName>
<CreateTime>1556194231</CreateTime>
<MsgType><![CDATA[text]]></MsgType>
<Content><![CDATA[呀呀]]></Content>
<MsgId>22279345561126328</MsgId>
</xml>

2019-04-25 20:24:27<xml><ToUserName><![CDATA[gh_c5cc62e6fb85]]></ToUserName>
<FromUserName><![CDATA[o4ekM6MX0DCu_8fmTXaECirRFjjc]]></FromUserName>
<CreateTime>1556194231</CreateTime>
<MsgType><![CDATA[text]]></MsgType>
<Content><![CDATA[呀呀]]></Content>
<MsgId>22279345561126328</MsgId>
</xml>

2019-04-25 20:24:37<xml><ToUserName><![CDATA[gh_c5cc62e6fb85]]></ToUserName>
<FromUserName><![CDATA[o4ekM6MX0DCu_8fmTXaECirRFjjc]]></FromUserName>
<CreateTime>1556194231</CreateTime>
<MsgType><![CDATA[text]]></MsgType>
<Content><![CDATA[呀呀]]></Content>
<MsgId>22279345561126328</MsgId>
</xml>

2019-04-25 20:26:30<xml><ToUserName><![CDATA[gh_c5cc62e6fb85]]></ToUserName>
<FromUserName><![CDATA[o4ekM6MX0DCu_8fmTXaECirRFjjc]]></FromUserName>
<CreateTime>1556194231</CreateTime>
<MsgType><![CDATA[text]]></MsgType>
<Content><![CDATA[呀呀]]></Content>
<MsgId>22279345561126328</MsgId>
</xml>

2019-04-26 08:53:44<xml><ToUserName><![CDATA[gh_c5cc62e6fb85]]></ToUserName>
<FromUserName><![CDATA[o4ekM6MX0DCu_8fmTXaECirRFjjc]]></FromUserName>
<CreateTime>1556238892</CreateTime>
<MsgType><![CDATA[text]]></MsgType>
<Content><![CDATA[查一下明天从北京到上海的南航机票]]></Content>
<MsgId>22279983886433246</MsgId>
</xml>
2019-04-26 09:11:34{
     "kf_account" : "test1@test",
     "nickname" : "客服1",
     "password" : "pswmd5"
}
2019-04-26 09:14:34 <xml> 
  <ToUserName><![CDATA[touser]]></ToUserName>  
  <FromUserName><![CDATA[fromuser]]></FromUserName>  
  <CreateTime>1399197672</CreateTime>  
  <MsgType><![CDATA[transfer_customer_service]]></MsgType> 
</xml>
2019-04-26 09:14:57 <xml> 
  <ToUserName><![CDATA[touser]]></ToUserName>  
  <FromUserName><![CDATA[fromuser]]></FromUserName>  
  <CreateTime>1399197672</CreateTime>  
  <MsgType><![CDATA[transfer_customer_service]]></MsgType>  
  <TransInfo> 
    <KfAccount><![CDATA[test1@test]]></KfAccount> 
  </TransInfo> 
</xml>
2019-04-26 11:04:59<xml><ToUserName><![CDATA[gh_c5cc62e6fb85]]></ToUserName>
<FromUserName><![CDATA[o4ekM6MX0DCu_8fmTXaECirRFjjc]]></FromUserName>
<CreateTime>1556238892</CreateTime>
<MsgType><![CDATA[text]]></MsgType>
<Content><![CDATA[哈哈]]></Content>
<MsgId>22279983886433246</MsgId>
</xml>
2019-04-26 11:27:12<xml><ToUserName><![CDATA[gh_c5cc62e6fb85]]></ToUserName>
<FromUserName><![CDATA[o4ekM6MX0DCu_8fmTXaECirRFjjc]]></FromUserName>
<CreateTime>1556238892</CreateTime>
<MsgType><![CDATA[text]]></MsgType>
<Content><![CDATA[哈哈]]></Content>
<MsgId>22279983886433246</MsgId>
</xml>
2019-04-26 11:28:17<xml><ToUserName><![CDATA[gh_c5cc62e6fb85]]></ToUserName>
<FromUserName><![CDATA[o4ekM6MX0DCu_8fmTXaECirRFjjc]]></FromUserName>
<CreateTime>1556238892</CreateTime>
<MsgType><![CDATA[text]]></MsgType>
<Content><![CDATA[哈哈]]></Content>
<MsgId>22279983886433246</MsgId>
</xml>
2019-04-26 11:28:39<xml><ToUserName><![CDATA[gh_c5cc62e6fb85]]></ToUserName>
<FromUserName><![CDATA[o4ekM6MX0DCu_8fmTXaECirRFjjc]]></FromUserName>
<CreateTime>1556238892</CreateTime>
<MsgType><![CDATA[text]]></MsgType>
<Content><![CDATA[北京]]></Content>
<MsgId>22279983886433246</MsgId>
</xml>
2019-04-26 11:30:27<xml><ToUserName><![CDATA[gh_c5cc62e6fb85]]></ToUserName>
<FromUserName><![CDATA[o4ekM6MX0DCu_8fmTXaECirRFjjc]]></FromUserName>
<CreateTime>1556238892</CreateTime>
<MsgType><![CDATA[text]]></MsgType>
<Content><![CDATA[北京天气]]></Content>
<MsgId>22279983886433246</MsgId>
</xml>
2019-04-26 11:30:47<xml><ToUserName><![CDATA[gh_c5cc62e6fb85]]></ToUserName>
<FromUserName><![CDATA[o4ekM6MX0DCu_8fmTXaECirRFjjc]]></FromUserName>
<CreateTime>1556238892</CreateTime>
<MsgType><![CDATA[text]]></MsgType>
<Content><![CDATA[北京天气]]></Content>
<MsgId>22279983886433246</MsgId>
</xml>
2019-04-26 11:31:48<xml><ToUserName><![CDATA[gh_c5cc62e6fb85]]></ToUserName>
<FromUserName><![CDATA[o4ekM6MX0DCu_8fmTXaECirRFjjc]]></FromUserName>
<CreateTime>1556238892</CreateTime>
<MsgType><![CDATA[text]]></MsgType>
<Content><![CDATA[北京天气]]></Content>
<MsgId>22279983886433246</MsgId>
</xml>
2019-04-26 11:37:02<xml><ToUserName><![CDATA[gh_c5cc62e6fb85]]></ToUserName>
<FromUserName><![CDATA[o4ekM6MX0DCu_8fmTXaECirRFjjc]]></FromUserName>
<CreateTime>1556238892</CreateTime>
<MsgType><![CDATA[text]]></MsgType>
<Content><![CDATA[北京天气]]></Content>
<MsgId>22279983886433246</MsgId>
</xml>
2019-04-26 11:37:09<xml><ToUserName><![CDATA[gh_c5cc62e6fb85]]></ToUserName>
<FromUserName><![CDATA[o4ekM6MX0DCu_8fmTXaECirRFjjc]]></FromUserName>
<CreateTime>1556238892</CreateTime>
<MsgType><![CDATA[text]]></MsgType>
<Content><![CDATA[北京天气]]></Content>
<MsgId>22279983886433246</MsgId>
</xml>
2019-04-26 11:39:38<xml><ToUserName><![CDATA[gh_c5cc62e6fb85]]></ToUserName>
<FromUserName><![CDATA[o4ekM6MX0DCu_8fmTXaECirRFjjc]]></FromUserName>
<CreateTime>1556238892</CreateTime>
<MsgType><![CDATA[text]]></MsgType>
<Content><![CDATA[北京天气]]></Content>
<MsgId>22279983886433246</MsgId>
</xml>
2019-04-26 11:41:04<xml><ToUserName><![CDATA[gh_c5cc62e6fb85]]></ToUserName>
<FromUserName><![CDATA[o4ekM6MX0DCu_8fmTXaECirRFjjc]]></FromUserName>
<CreateTime>1556238892</CreateTime>
<MsgType><![CDATA[text]]></MsgType>
<Content><![CDATA[北京天气]]></Content>
<MsgId>22279983886433246</MsgId>
</xml>
2019-04-26 11:41:59<xml><ToUserName><![CDATA[gh_c5cc62e6fb85]]></ToUserName>
<FromUserName><![CDATA[o4ekM6MX0DCu_8fmTXaECirRFjjc]]></FromUserName>
<CreateTime>1556238892</CreateTime>
<MsgType><![CDATA[text]]></MsgType>
<Content><![CDATA[北京-天气]]></Content>
<MsgId>22279983886433246</MsgId>
</xml>
2019-04-26 11:42:22<xml><ToUserName><![CDATA[gh_c5cc62e6fb85]]></ToUserName>
<FromUserName><![CDATA[o4ekM6MX0DCu_8fmTXaECirRFjjc]]></FromUserName>
<CreateTime>1556238892</CreateTime>
<MsgType><![CDATA[text]]></MsgType>
<Content><![CDATA[北京-天气]]></Content>
<MsgId>22279983886433246</MsgId>
</xml>
2019-04-26 11:43:08<xml><ToUserName><![CDATA[gh_c5cc62e6fb85]]></ToUserName>
<FromUserName><![CDATA[o4ekM6MX0DCu_8fmTXaECirRFjjc]]></FromUserName>
<CreateTime>1556238892</CreateTime>
<MsgType><![CDATA[text]]></MsgType>
<Content><![CDATA[北京+天气]]></Content>
<MsgId>22279983886433246</MsgId>
</xml>
2019-04-26 11:43:26<xml><ToUserName><![CDATA[gh_c5cc62e6fb85]]></ToUserName>
<FromUserName><![CDATA[o4ekM6MX0DCu_8fmTXaECirRFjjc]]></FromUserName>
<CreateTime>1556238892</CreateTime>
<MsgType><![CDATA[text]]></MsgType>
<Content><![CDATA[北京+天气]]></Content>
<MsgId>22279983886433246</MsgId>
</xml>
2019-04-26 11:43:49<xml><ToUserName><![CDATA[gh_c5cc62e6fb85]]></ToUserName>
<FromUserName><![CDATA[o4ekM6MX0DCu_8fmTXaECirRFjjc]]></FromUserName>
<CreateTime>1556238892</CreateTime>
<MsgType><![CDATA[text]]></MsgType>
<Content><![CDATA[北京+天气]]></Content>
<MsgId>22279983886433246</MsgId>
</xml>
2019-04-26 11:44:20<xml><ToUserName><![CDATA[gh_c5cc62e6fb85]]></ToUserName>
<FromUserName><![CDATA[o4ekM6MX0DCu_8fmTXaECirRFjjc]]></FromUserName>
<CreateTime>1556238892</CreateTime>
<MsgType><![CDATA[text]]></MsgType>
<Content><![CDATA[北京+天气]]></Content>
<MsgId>22279983886433246</MsgId>
</xml>
2019-04-26 11:44:28<xml><ToUserName><![CDATA[gh_c5cc62e6fb85]]></ToUserName>
<FromUserName><![CDATA[o4ekM6MX0DCu_8fmTXaECirRFjjc]]></FromUserName>
<CreateTime>1556238892</CreateTime>
<MsgType><![CDATA[text]]></MsgType>
<Content><![CDATA[北京-天气]]></Content>
<MsgId>22279983886433246</MsgId>
</xml>
2019-04-26 22:54:57<xml>
<ToUserName><![CDATA[toUser]]></ToUserName>
<FromUserName><![CDATA[fromUser]]></FromUserName>
<CreateTime>123456789</CreateTime>
<MsgType><![CDATA[event]]></MsgType>
<Event><![CDATA[LOCATION]]></Event>
<Latitude>23.137466</Latitude>
<Longitude>113.352425</Longitude>
<Precision>119.385040</Precision>
</xml>
2019-04-28 11:14:31<xml><ToUserName><![CDATA[gh_c5cc62e6fb85]]></ToUserName>
<FromUserName><![CDATA[o4ekM6MX0DCu_8fmTXaECirRFjjc]]></FromUserName>
<CreateTime>1556421226</CreateTime>
<MsgType><![CDATA[text]]></MsgType>
<Content><![CDATA[我]]></Content>
<MsgId>22282592900327518</MsgId>
</xml>
2019-04-28 11:14:56<xml><ToUserName><![CDATA[gh_c5cc62e6fb85]]></ToUserName>
<FromUserName><![CDATA[o4ekM6MX0DCu_8fmTXaECirRFjjc]]></FromUserName>
<CreateTime>1556421226</CreateTime>
<MsgType><![CDATA[text]]></MsgType>
<Content><![CDATA[我]]></Content>
<MsgId>22282592900327518</MsgId>
</xml>
2019-04-28 11:15:00<xml><ToUserName><![CDATA[gh_c5cc62e6fb85]]></ToUserName>
<FromUserName><![CDATA[o4ekM6MX0DCu_8fmTXaECirRFjjc]]></FromUserName>
<CreateTime>1556421226</CreateTime>
<MsgType><![CDATA[text]]></MsgType>
<Content><![CDATA[我]]></Content>
<MsgId>22282592900327518</MsgId>
</xml>
2019-04-28 11:16:16<xml><ToUserName><![CDATA[gh_c5cc62e6fb85]]></ToUserName>
<FromUserName><![CDATA[o4ekM6MX0DCu_8fmTXaECirRFjjc]]></FromUserName>
<CreateTime>1556421226</CreateTime>
<MsgType><![CDATA[text]]></MsgType>
<Content><![CDATA[我]]></Content>
<MsgId>22282592900327518</MsgId>
</xml>
2019-04-28 11:16:26<xml><ToUserName><![CDATA[gh_c5cc62e6fb85]]></ToUserName>
<FromUserName><![CDATA[o4ekM6MX0DCu_8fmTXaECirRFjjc]]></FromUserName>
<CreateTime>1556421226</CreateTime>
<MsgType><![CDATA[text]]></MsgType>
<Content><![CDATA[我]]></Content>
<MsgId>22282592900327518</MsgId>
</xml>
2019-04-28 11:22:15<xml><ToUserName><![CDATA[gh_c5cc62e6fb85]]></ToUserName>
<FromUserName><![CDATA[o4ekM6MX0DCu_8fmTXaECirRFjjc]]></FromUserName>
<CreateTime>1556421593</CreateTime>
<MsgType><![CDATA[image]]></MsgType>
<PicUrl><![CDATA[http://mmbiz.qpic.cn/mmbiz_jpg/ppyupiaqyRMKiaAM7Eg2apqYu2Vev3d9y3OzFdKtQM8RD9CE9IGticv332XPzFcn0XcqEKAZicNSIRrs32zlIJfOLg/0]]></PicUrl>
<MsgId>22282598634623859</MsgId>
<MediaId><![CDATA[tl5Bs4x9q9cExdexGmerEnUevS8tFCpX_DDO0kUkST1oWjMPP6AKXHWEOxGsRA-V]]></MediaId>
</xml>
2019-04-28 11:26:52<xml><ToUserName><![CDATA[gh_c5cc62e6fb85]]></ToUserName>
<FromUserName><![CDATA[o4ekM6MX0DCu_8fmTXaECirRFjjc]]></FromUserName>
<CreateTime>1556421593</CreateTime>
<MsgType><![CDATA[image]]></MsgType>
<PicUrl><![CDATA[http://mmbiz.qpic.cn/mmbiz_jpg/ppyupiaqyRMKiaAM7Eg2apqYu2Vev3d9y3OzFdKtQM8RD9CE9IGticv332XPzFcn0XcqEKAZicNSIRrs32zlIJfOLg/0]]></PicUrl>
<MsgId>22282598634623859</MsgId>
<MediaId><![CDATA[tl5Bs4x9q9cExdexGmerEnUevS8tFCpX_DDO0kUkST1oWjMPP6AKXHWEOxGsRA-V]]></MediaId>
</xml>
2019-04-28 11:27:06<xml><ToUserName><![CDATA[gh_c5cc62e6fb85]]></ToUserName>
<FromUserName><![CDATA[o4ekM6MX0DCu_8fmTXaECirRFjjc]]></FromUserName>
<CreateTime>1556421593</CreateTime>
<MsgType><![CDATA[image]]></MsgType>
<PicUrl><![CDATA[http://mmbiz.qpic.cn/mmbiz_jpg/ppyupiaqyRMKiaAM7Eg2apqYu2Vev3d9y3OzFdKtQM8RD9CE9IGticv332XPzFcn0XcqEKAZicNSIRrs32zlIJfOLg/0]]></PicUrl>
<MsgId>22282598634623859</MsgId>
<MediaId><![CDATA[tl5Bs4x9q9cExdexGmerEnUevS8tFCpX_DDO0kUkST1oWjMPP6AKXHWEOxGsRA-V]]></MediaId>
</xml>
2019-04-28 11:30:07<xml><ToUserName><![CDATA[gh_c5cc62e6fb85]]></ToUserName>
<FromUserName><![CDATA[o4ekM6MX0DCu_8fmTXaECirRFjjc]]></FromUserName>
<CreateTime>1556421593</CreateTime>
<MsgType><![CDATA[image]]></MsgType>
<PicUrl><![CDATA[http://mmbiz.qpic.cn/mmbiz_jpg/ppyupiaqyRMKiaAM7Eg2apqYu2Vev3d9y3OzFdKtQM8RD9CE9IGticv332XPzFcn0XcqEKAZicNSIRrs32zlIJfOLg/0]]></PicUrl>
<MsgId>22282598634623859</MsgId>
<MediaId><![CDATA[tl5Bs4x9q9cExdexGmerEnUevS8tFCpX_DDO0kUkST1oWjMPP6AKXHWEOxGsRA-V]]></MediaId>
</xml>
2019-04-28 11:30:32<xml><ToUserName><![CDATA[gh_c5cc62e6fb85]]></ToUserName>
<FromUserName><![CDATA[o4ekM6MX0DCu_8fmTXaECirRFjjc]]></FromUserName>
<CreateTime>1556421593</CreateTime>
<MsgType><![CDATA[image]]></MsgType>
<PicUrl><![CDATA[http://mmbiz.qpic.cn/mmbiz_jpg/ppyupiaqyRMKiaAM7Eg2apqYu2Vev3d9y3OzFdKtQM8RD9CE9IGticv332XPzFcn0XcqEKAZicNSIRrs32zlIJfOLg/0]]></PicUrl>
<MsgId>22282598634623859</MsgId>
<MediaId><![CDATA[tl5Bs4x9q9cExdexGmerEnUevS8tFCpX_DDO0kUkST1oWjMPP6AKXHWEOxGsRA-V]]></MediaId>
</xml>
2019-04-28 11:31:01<xml><ToUserName><![CDATA[gh_c5cc62e6fb85]]></ToUserName>
<FromUserName><![CDATA[o4ekM6MX0DCu_8fmTXaECirRFjjc]]></FromUserName>
<CreateTime>1556421593</CreateTime>
<MsgType><![CDATA[image]]></MsgType>
<PicUrl><![CDATA[http://mmbiz.qpic.cn/mmbiz_jpg/ppyupiaqyRMKiaAM7Eg2apqYu2Vev3d9y3OzFdKtQM8RD9CE9IGticv332XPzFcn0XcqEKAZicNSIRrs32zlIJfOLg/0]]></PicUrl>
<MsgId>22282598634623859</MsgId>
<MediaId><![CDATA[tl5Bs4x9q9cExdexGmerEnUevS8tFCpX_DDO0kUkST1oWjMPP6AKXHWEOxGsRA-V]]></MediaId>
</xml>
2019-04-28 11:46:15<xml><ToUserName><![CDATA[gh_c5cc62e6fb85]]></ToUserName>
<FromUserName><![CDATA[o4ekM6MX0DCu_8fmTXaECirRFjjc]]></FromUserName>
<CreateTime>1556422649</CreateTime>
<MsgType><![CDATA[text]]></MsgType>
<Content><![CDATA[北京+天气]]></Content>
<MsgId>22282613030557462</MsgId>
</xml>
